0 info it worked if it ends with ok
1 verbose cli [ '/usr/local/bin/node',
1 verbose cli   '/usr/local/bin/npm',
1 verbose cli   'install',
1 verbose cli   '—',
1 verbose cli   'save-dev',
1 verbose cli   'redux-devtools-extension' ]
2 info using npm@3.10.10
3 info using node@v6.11.0
4 error arg Argument starts with non-ascii dash, this is probably invalid: [ '—', 'save-dev', 'redux-devtools-extension' ]
5 silly loadCurrentTree Starting
6 silly install loadCurrentTree
7 silly install readLocalPackageData
8 silly fetchPackageMetaData —
9 silly fetchPackageMetaData save-dev
10 silly fetchPackageMetaData redux-devtools-extension
11 silly fetchOtherPackageData —
12 silly cache add args [ '—', null ]
13 verbose cache add spec —
14 silly fetchNamedPackageData save-dev
15 silly mapToRegistry name save-dev
16 silly mapToRegistry using default registry
17 silly mapToRegistry registry https://registry.npmjs.org/
18 silly mapToRegistry data Result {
18 silly mapToRegistry   raw: 'save-dev',
18 silly mapToRegistry   scope: null,
18 silly mapToRegistry   escapedName: 'save-dev',
18 silly mapToRegistry   name: 'save-dev',
18 silly mapToRegistry   rawSpec: '',
18 silly mapToRegistry   spec: 'latest',
18 silly mapToRegistry   type: 'tag' }
19 silly mapToRegistry uri https://registry.npmjs.org/save-dev
20 silly fetchNamedPackageData redux-devtools-extension
21 silly mapToRegistry name redux-devtools-extension
22 silly mapToRegistry using default registry
23 silly mapToRegistry registry https://registry.npmjs.org/
24 silly mapToRegistry data Result {
24 silly mapToRegistry   raw: 'redux-devtools-extension',
24 silly mapToRegistry   scope: null,
24 silly mapToRegistry   escapedName: 'redux-devtools-extension',
24 silly mapToRegistry   name: 'redux-devtools-extension',
24 silly mapToRegistry   rawSpec: '',
24 silly mapToRegistry   spec: 'latest',
24 silly mapToRegistry   type: 'tag' }
25 silly mapToRegistry uri https://registry.npmjs.org/redux-devtools-extension
26 silly cache add parsed spec Result {
26 silly cache add   raw: '—',
26 silly cache add   scope: null,
26 silly cache add   escapedName: null,
26 silly cache add   name: null,
26 silly cache add   rawSpec: '—',
26 silly cache add   spec: '/Users/rooshan/IdeaProjects/ChatServer/src/app/—',
26 silly cache add   type: 'local' }
27 verbose request uri https://registry.npmjs.org/save-dev
28 verbose request no auth needed
29 info attempt registry request try #1 at 4:39:29 PM
30 verbose request id 8828881c83c983dc
31 http request GET https://registry.npmjs.org/save-dev
32 info retry will retry, error on last attempt: TypeError: The header content contains invalid characters
33 verbose request uri https://registry.npmjs.org/redux-devtools-extension
34 verbose request no auth needed
35 info attempt registry request try #1 at 4:39:29 PM
36 http request GET https://registry.npmjs.org/redux-devtools-extension
37 error addLocal Could not install /Users/rooshan/IdeaProjects/ChatServer/src/app/—
38 silly fetchPackageMetaData Error: ENOENT: no such file or directory, open '/Users/rooshan/IdeaProjects/ChatServer/src/app/—'
38 silly fetchPackageMetaData     at Error (native)
38 silly fetchPackageMetaData  error for — { Error: ENOENT: no such file or directory, open '/Users/rooshan/IdeaProjects/ChatServer/src/app/—'
38 silly fetchPackageMetaData     at Error (native)
38 silly fetchPackageMetaData   errno: -2,
38 silly fetchPackageMetaData   code: 'ENOENT',
38 silly fetchPackageMetaData   syscall: 'open',
38 silly fetchPackageMetaData   path: '/Users/rooshan/IdeaProjects/ChatServer/src/app/—' }
39 info retry will retry, error on last attempt: TypeError: The header content contains invalid characters
40 info attempt registry request try #2 at 4:39:39 PM
41 http request GET https://registry.npmjs.org/save-dev
42 info attempt registry request try #2 at 4:39:39 PM
43 http request GET https://registry.npmjs.org/redux-devtools-extension
44 info retry will retry, error on last attempt: TypeError: The header content contains invalid characters
45 info retry will retry, error on last attempt: TypeError: The header content contains invalid characters
46 info attempt registry request try #3 at 4:40:40 PM
47 http request GET https://registry.npmjs.org/save-dev
48 info attempt registry request try #3 at 4:40:40 PM
49 http request GET https://registry.npmjs.org/redux-devtools-extension
50 silly fetchPackageMetaData TypeError: The header content contains invalid characters
50 silly fetchPackageMetaData     at ClientRequest.OutgoingMessage.setHeader (_http_outgoing.js:360:11)
50 silly fetchPackageMetaData     at new ClientRequest (_http_client.js:85:14)
50 silly fetchPackageMetaData     at Object.exports.request (http.js:31:10)
50 silly fetchPackageMetaData     at Object.exports.request (https.js:199:15)
50 silly fetchPackageMetaData     at Request.start (/usr/local/lib/node_modules/npm/node_modules/request/request.js:740:32)
50 silly fetchPackageMetaData     at Request.end (/usr/local/lib/node_modules/npm/node_modules/request/request.js:1398:10)
50 silly fetchPackageMetaData     at end (/usr/local/lib/node_modules/npm/node_modules/request/request.js:567:14)
50 silly fetchPackageMetaData     at Immediate.<anonymous> (/usr/local/lib/node_modules/npm/node_modules/request/request.js:581:7)
50 silly fetchPackageMetaData     at runCallback (timers.js:672:20)
50 silly fetchPackageMetaData     at tryOnImmediate (timers.js:645:5)
50 silly fetchPackageMetaData  error for save-dev TypeError: The header content contains invalid characters
50 silly fetchPackageMetaData     at ClientRequest.OutgoingMessage.setHeader (_http_outgoing.js:360:11)
50 silly fetchPackageMetaData     at new ClientRequest (_http_client.js:85:14)
50 silly fetchPackageMetaData     at Object.exports.request (http.js:31:10)
50 silly fetchPackageMetaData     at Object.exports.request (https.js:199:15)
50 silly fetchPackageMetaData     at Request.start (/usr/local/lib/node_modules/npm/node_modules/request/request.js:740:32)
50 silly fetchPackageMetaData     at Request.end (/usr/local/lib/node_modules/npm/node_modules/request/request.js:1398:10)
50 silly fetchPackageMetaData     at end (/usr/local/lib/node_modules/npm/node_modules/request/request.js:567:14)
50 silly fetchPackageMetaData     at Immediate.<anonymous> (/usr/local/lib/node_modules/npm/node_modules/request/request.js:581:7)
50 silly fetchPackageMetaData     at runCallback (timers.js:672:20)
50 silly fetchPackageMetaData     at tryOnImmediate (timers.js:645:5)
51 silly fetchPackageMetaData TypeError: The header content contains invalid characters
51 silly fetchPackageMetaData     at ClientRequest.OutgoingMessage.setHeader (_http_outgoing.js:360:11)
51 silly fetchPackageMetaData     at new ClientRequest (_http_client.js:85:14)
51 silly fetchPackageMetaData     at Object.exports.request (http.js:31:10)
51 silly fetchPackageMetaData     at Object.exports.request (https.js:199:15)
51 silly fetchPackageMetaData     at Request.start (/usr/local/lib/node_modules/npm/node_modules/request/request.js:740:32)
51 silly fetchPackageMetaData     at Request.end (/usr/local/lib/node_modules/npm/node_modules/request/request.js:1398:10)
51 silly fetchPackageMetaData     at end (/usr/local/lib/node_modules/npm/node_modules/request/request.js:567:14)
51 silly fetchPackageMetaData     at Immediate.<anonymous> (/usr/local/lib/node_modules/npm/node_modules/request/request.js:581:7)
51 silly fetchPackageMetaData     at runCallback (timers.js:672:20)
51 silly fetchPackageMetaData     at tryOnImmediate (timers.js:645:5)
51 silly fetchPackageMetaData  error for redux-devtools-extension TypeError: The header content contains invalid characters
51 silly fetchPackageMetaData     at ClientRequest.OutgoingMessage.setHeader (_http_outgoing.js:360:11)
51 silly fetchPackageMetaData     at new ClientRequest (_http_client.js:85:14)
51 silly fetchPackageMetaData     at Object.exports.request (http.js:31:10)
51 silly fetchPackageMetaData     at Object.exports.request (https.js:199:15)
51 silly fetchPackageMetaData     at Request.start (/usr/local/lib/node_modules/npm/node_modules/request/request.js:740:32)
51 silly fetchPackageMetaData     at Request.end (/usr/local/lib/node_modules/npm/node_modules/request/request.js:1398:10)
51 silly fetchPackageMetaData     at end (/usr/local/lib/node_modules/npm/node_modules/request/request.js:567:14)
51 silly fetchPackageMetaData     at Immediate.<anonymous> (/usr/local/lib/node_modules/npm/node_modules/request/request.js:581:7)
51 silly fetchPackageMetaData     at runCallback (timers.js:672:20)
51 silly fetchPackageMetaData     at tryOnImmediate (timers.js:645:5)
52 silly rollbackFailedOptional Starting
53 silly rollbackFailedOptional Finishing
54 silly runTopLevelLifecycles Finishing
55 silly install printInstalled
56 verbose stack Error: ENOENT: no such file or directory, open '/Users/rooshan/IdeaProjects/ChatServer/src/app/—'
56 verbose stack     at Error (native)
57 verbose cwd /Users/rooshan/IdeaProjects/ChatServer/src/app
58 error Darwin 18.6.0
59 error argv "/usr/local/bin/node" "/usr/local/bin/npm" "install" "—" "save-dev" "redux-devtools-extension"
60 error node v6.11.0
61 error npm  v3.10.10
62 error path /Users/rooshan/IdeaProjects/ChatServer/src/app/—
63 error code ENOENT
64 error errno -2
65 error syscall open
66 error enoent ENOENT: no such file or directory, open '/Users/rooshan/IdeaProjects/ChatServer/src/app/—'
67 error enoent ENOENT: no such file or directory, open '/Users/rooshan/IdeaProjects/ChatServer/src/app/—'
67 error enoent This is most likely not a problem with npm itself
67 error enoent and is related to npm not being able to find a file.
68 verbose exit [ -2, true ]
